<?xml version="1.0" encoding="UTF-8"?>
<?xml-stylesheet type="text/xsl" href="ivy-report.xsl"?>
<ivy-report version="1.0">
	<info
		organisation="org.conbere"
		module="jacks_2.10"
		revision="0.1.0"
		conf="test-internal"
		confs="compile, runtime, test, provided, optional, compile-internal, runtime-internal, test-internal, plugin, sources, docs, pom"
		date="20130418155133"/>
	<dependencies>
		<module organisation="com.fasterxml.jackson.module" name="jackson-module-scala_2.10">
			<revision name="2.2.0-rc1" status="release" pubdate="20130417202813" resolver="public" artresolver="public" homepage="http://wiki.fasterxml.com/JacksonModuleScala" downloaded="false" searched="false" default="false" conf="default(compile), default, compile, runtime, master" position="1">
				<license name="The Apache Software License, Version 2.0" url="http://www.apache.org/licenses/LICENSE-2.0.txt"/>
				<metadata-artifact status="no" details="" size="3992" time="0" location="/Users/aconbere/.ivy2/cache/com.fasterxml.jackson.module/jackson-module-scala_2.10/ivy-2.2.0-rc1.xml" searched="false" origin-is-local="false" origin-location="http://repo1.maven.org/maven2/com/fasterxml/jackson/module/jackson-module-scala_2.10/2.2.0-rc1/jackson-module-scala_2.10-2.2.0-rc1.pom"/>
				<caller organisation="org.conbere" name="jacks_2.10" conf="test-internal, test, optional, compile, provided, runtime" rev="2.2.0-rc1" rev-constraint-default="2.2.0-rc1" rev-constraint-dynamic="2.2.0-rc1" callerrev="0.1.0"/>
				<artifacts>
					<artifact name="jackson-module-scala_2.10" type="jar" ext="jar" status="no" details="" size="408776" time="0" location="/Users/aconbere/.ivy2/cache/com.fasterxml.jackson.module/jackson-module-scala_2.10/jars/jackson-module-scala_2.10-2.2.0-rc1.jar">
						<origin-location is-local="false" location="http://repo1.maven.org/maven2/com/fasterxml/jackson/module/jackson-module-scala_2.10/2.2.0-rc1/jackson-module-scala_2.10-2.2.0-rc1.jar"/>
					</artifact>
				</artifacts>
			</revision>
		</module>
		<module organisation="com.google.code.findbugs" name="jsr305">
			<revision name="2.0.1" status="release" pubdate="20120729151759" resolver="public" artresolver="public" homepage="http://findbugs.sourceforge.net/" downloaded="false" searched="false" default="false" conf="compile, master(*), runtime, compile(*), runtime(*), master" position="7">
				<license name="The Apache Software License, Version 2.0" url="http://www.apache.org/licenses/LICENSE-2.0.txt"/>
				<metadata-artifact status="no" details="" size="2393" time="0" location="/Users/aconbere/.ivy2/cache/com.google.code.findbugs/jsr305/ivy-2.0.1.xml" searched="false" origin-is-local="false" origin-location="http://repo1.maven.org/maven2/com/google/code/findbugs/jsr305/2.0.1/jsr305-2.0.1.pom"/>
				<caller organisation="com.fasterxml.jackson.module" name="jackson-module-scala_2.10" conf="default, compile, runtime, master" rev="2.0.1" rev-constraint-default="2.0.1" rev-constraint-dynamic="2.0.1" callerrev="2.2.0-rc1"/>
				<artifacts>
					<artifact name="jsr305" type="jar" ext="jar" status="no" details="" size="31866" time="0" location="/Users/aconbere/.ivy2/cache/com.google.code.findbugs/jsr305/jars/jsr305-2.0.1.jar">
						<origin-location is-local="false" location="http://repo1.maven.org/maven2/com/google/code/findbugs/jsr305/2.0.1/jsr305-2.0.1.jar"/>
					</artifact>
				</artifacts>
			</revision>
		</module>
		<module organisation="com.google.guava" name="guava">
			<revision name="13.0.1" status="release" pubdate="20120828082726" resolver="public" artresolver="public" homepage="" downloaded="false" searched="false" default="false" conf="compile, master(*), runtime, compile(*), runtime(*), master" position="6">
				<metadata-artifact status="no" details="" size="3505" time="0" location="/Users/aconbere/.ivy2/cache/com.google.guava/guava/ivy-13.0.1.xml" searched="false" origin-is-local="false" origin-location="http://repo1.maven.org/maven2/com/google/guava/guava/13.0.1/guava-13.0.1.pom"/>
				<caller organisation="com.fasterxml.jackson.module" name="jackson-module-scala_2.10" conf="default, compile, runtime, master" rev="13.0.1" rev-constraint-default="13.0.1" rev-constraint-dynamic="13.0.1" callerrev="2.2.0-rc1"/>
				<artifacts>
					<artifact name="guava" type="jar" ext="jar" status="no" details="" size="1891110" time="0" location="/Users/aconbere/.ivy2/cache/com.google.guava/guava/jars/guava-13.0.1.jar">
						<origin-location is-local="false" location="http://repo1.maven.org/maven2/com/google/guava/guava/13.0.1/guava-13.0.1.jar"/>
					</artifact>
				</artifacts>
			</revision>
		</module>
		<module organisation="com.thoughtworks.paranamer" name="paranamer">
			<revision name="2.3" status="release" pubdate="20101019061431" resolver="public" artresolver="public" homepage="" downloaded="false" searched="false" default="false" conf="compile, master(*), runtime, compile(*), runtime(*), master" position="5">
				<metadata-artifact status="no" details="" size="3340" time="0" location="/Users/aconbere/.ivy2/cache/com.thoughtworks.paranamer/paranamer/ivy-2.3.xml" searched="false" origin-is-local="false" origin-location="http://repo1.maven.org/maven2/com/thoughtworks/paranamer/paranamer/2.3/paranamer-2.3.pom"/>
				<caller organisation="com.fasterxml.jackson.module" name="jackson-module-scala_2.10" conf="default, compile, runtime, master" rev="2.3" rev-constraint-default="2.3" rev-constraint-dynamic="2.3" callerrev="2.2.0-rc1"/>
				<artifacts>
					<artifact name="paranamer" type="jar" ext="jar" status="no" details="" size="29555" time="0" location="/Users/aconbere/.ivy2/cache/com.thoughtworks.paranamer/paranamer/jars/paranamer-2.3.jar">
						<origin-location is-local="false" location="http://repo1.maven.org/maven2/com/thoughtworks/paranamer/paranamer/2.3/paranamer-2.3.jar"/>
					</artifact>
				</artifacts>
			</revision>
		</module>
		<module organisation="com.fasterxml.jackson.core" name="jackson-databind">
			<revision name="2.2.0-rc1" status="release" pubdate="20130417193028" resolver="public" artresolver="public" homepage="http://wiki.fasterxml.com/JacksonHome" downloaded="false" searched="false" default="false" conf="compile, master(*), runtime, compile(*), runtime(*), master, default(compile)" position="4">
				<metadata-artifact status="no" details="" size="6930" time="0" location="/Users/aconbere/.ivy2/cache/com.fasterxml.jackson.core/jackson-databind/ivy-2.2.0-rc1.xml" searched="false" origin-is-local="false" origin-location="http://repo1.maven.org/maven2/com/fasterxml/jackson/core/jackson-databind/2.2.0-rc1/jackson-databind-2.2.0-rc1.pom"/>
				<caller organisation="com.fasterxml.jackson.module" name="jackson-module-scala_2.10" conf="default, compile, runtime, master" rev="2.2.0-rc1" rev-constraint-default="2.2.0-rc1" rev-constraint-dynamic="2.2.0-rc1" callerrev="2.2.0-rc1"/>
				<caller organisation="org.conbere" name="jacks_2.10" conf="test-internal, test, optional, compile, provided, runtime" rev="2.1.3" rev-constraint-default="2.1.3" rev-constraint-dynamic="2.1.3" callerrev="0.1.0"/>
				<artifacts>
					<artifact name="jackson-databind" type="jar" ext="jar" status="no" details="" size="863870" time="0" location="/Users/aconbere/.ivy2/cache/com.fasterxml.jackson.core/jackson-databind/jars/jackson-databind-2.2.0-rc1.jar">
						<origin-location is-local="false" location="http://repo1.maven.org/maven2/com/fasterxml/jackson/core/jackson-databind/2.2.0-rc1/jackson-databind-2.2.0-rc1.jar"/>
					</artifact>
				</artifacts>
			</revision>
			<revision name="2.1.3" evicted="latest-revision" evicted-reason="" downloaded="false" searched="false" conf="default(compile), default, compile, runtime, master" position="-1">
				<evicted-by rev="2.2.0-rc1"/>
				<caller organisation="org.conbere" name="jacks_2.10" conf="test-internal, test, optional, compile, provided, runtime" rev="2.1.3" rev-constraint-default="2.1.3" rev-constraint-dynamic="2.1.3" callerrev="0.1.0"/>
				<artifacts>
				</artifacts>
			</revision>
		</module>
		<module organisation="com.fasterxml.jackson.core" name="jackson-annotations">
			<revision name="2.2.0-rc1" status="release" pubdate="20130417184207" resolver="public" artresolver="public" homepage="http://wiki.fasterxml.com/JacksonHome" downloaded="false" searched="false" default="false" conf="compile, master(*), runtime, compile(*), runtime(*), master" position="3">
				<metadata-artifact status="no" details="" size="4643" time="0" location="/Users/aconbere/.ivy2/cache/com.fasterxml.jackson.core/jackson-annotations/ivy-2.2.0-rc1.xml" searched="false" origin-is-local="false" origin-location="http://repo1.maven.org/maven2/com/fasterxml/jackson/core/jackson-annotations/2.2.0-rc1/jackson-annotations-2.2.0-rc1.pom"/>
				<caller organisation="com.fasterxml.jackson.module" name="jackson-module-scala_2.10" conf="default, compile, runtime, master" rev="2.2.0-rc1" rev-constraint-default="2.2.0-rc1" rev-constraint-dynamic="2.2.0-rc1" callerrev="2.2.0-rc1"/>
				<caller organisation="com.fasterxml.jackson.core" name="jackson-databind" conf="compile, runtime" rev="2.2.0-rc1" rev-constraint-default="2.2.0-rc1" rev-constraint-dynamic="2.2.0-rc1" callerrev="2.2.0-rc1"/>
				<artifacts>
					<artifact name="jackson-annotations" type="jar" ext="jar" status="no" details="" size="33449" time="0" location="/Users/aconbere/.ivy2/cache/com.fasterxml.jackson.core/jackson-annotations/jars/jackson-annotations-2.2.0-rc1.jar">
						<origin-location is-local="false" location="http://repo1.maven.org/maven2/com/fasterxml/jackson/core/jackson-annotations/2.2.0-rc1/jackson-annotations-2.2.0-rc1.jar"/>
					</artifact>
				</artifacts>
			</revision>
		</module>
		<module organisation="com.fasterxml.jackson.core" name="jackson-core">
			<revision name="2.2.0-rc1" status="release" pubdate="20130417185021" resolver="public" artresolver="public" homepage="http://wiki.fasterxml.com/JacksonHome" downloaded="false" searched="false" default="false" conf="compile, master(*), runtime, compile(*), runtime(*), master" position="2">
				<metadata-artifact status="no" details="" size="5231" time="0" location="/Users/aconbere/.ivy2/cache/com.fasterxml.jackson.core/jackson-core/ivy-2.2.0-rc1.xml" searched="false" origin-is-local="false" origin-location="http://repo1.maven.org/maven2/com/fasterxml/jackson/core/jackson-core/2.2.0-rc1/jackson-core-2.2.0-rc1.pom"/>
				<caller organisation="com.fasterxml.jackson.module" name="jackson-module-scala_2.10" conf="default, compile, runtime, master" rev="2.2.0-rc1" rev-constraint-default="2.2.0-rc1" rev-constraint-dynamic="2.2.0-rc1" callerrev="2.2.0-rc1"/>
				<caller organisation="com.fasterxml.jackson.core" name="jackson-databind" conf="compile, runtime" rev="2.2.0-rc1" rev-constraint-default="2.2.0-rc1" rev-constraint-dynamic="2.2.0-rc1" callerrev="2.2.0-rc1"/>
				<artifacts>
					<artifact name="jackson-core" type="jar" ext="jar" status="no" details="" size="191045" time="0" location="/Users/aconbere/.ivy2/cache/com.fasterxml.jackson.core/jackson-core/jars/jackson-core-2.2.0-rc1.jar">
						<origin-location is-local="false" location="http://repo1.maven.org/maven2/com/fasterxml/jackson/core/jackson-core/2.2.0-rc1/jackson-core-2.2.0-rc1.jar"/>
					</artifact>
				</artifacts>
			</revision>
		</module>
		<module organisation="org.scala-lang" name="scala-library">
			<revision name="2.10.0" status="release" pubdate="20121219232916" resolver="sbt-chain" artresolver="sbt-chain" homepage="http://www.scala-lang.org/" downloaded="false" searched="false" default="false" conf="default(compile), default, compile, master(*), compile(*), runtime, runtime(*), master" position="0">
				<license name="BSD-like" url="http://www.scala-lang.org/downloads/license.html          "/>
				<metadata-artifact status="no" details="" size="2392" time="0" location="/Users/aconbere/.ivy2/cache/org.scala-lang/scala-library/ivy-2.10.0.xml" searched="false" origin-is-local="false" origin-location="http://repo1.maven.org/maven2/org/scala-lang/scala-library/2.10.0/scala-library-2.10.0.pom"/>
				<caller organisation="com.fasterxml.jackson.module" name="jackson-module-scala_2.10" conf="default, compile, runtime, master" rev="2.10.0" rev-constraint-default="2.10.0" rev-constraint-dynamic="2.10.0" callerrev="2.2.0-rc1"/>
				<caller organisation="org.conbere" name="jacks_2.10" conf="test-internal, test, optional, compile, provided, runtime" rev="2.10.0" rev-constraint-default="2.10.0" rev-constraint-dynamic="2.10.0" callerrev="0.1.0"/>
				<artifacts>
				</artifacts>
			</revision>
		</module>
	</dependencies>
</ivy-report>
